# JRE version: OpenJDK Runtime Environment Temurin-23.0.1+11 (23.0.1+11) (build 23.0.1+11)
# Java VM: OpenJDK 64-Bit Server VM Temurin-23.0.1+11 (23.0.1+11, mixed mode, sharing, tiered, compressed oops, compressed class ptrs, g1 gc, windows-amd64)
GC Precious Log:
 CardTable entry size: 512
 Card Set container configuration: InlinePtr #cards 5 size 8 Array Of Cards #cards 10 size 36 Howl #buckets 4 coarsen threshold 1843 Howl Bitmap #cards 512 size 80 coarsen threshold 460 Card regions per heap region 1 cards per card region 2048
 CPUs: 8 total, 8 available
 Memory: 8044M
 Large Page Support: Disabled
 NUMA Support: Disabled
 Compressed Oops: Enabled (32-bit)
 Heap Region Size: 1M
 Heap Min Capacity: 8M
 Heap Initial Capacity: 126M
 Heap Max Capacity: 2012M
 Pre-touch: Disabled
 Parallel Workers: 8
 Concurrent Workers: 2
 Concurrent Refinement Workers: 8
 Periodic GC: Disabled
Heap:
 garbage-first heap   total reserved 2060288K, committed 54272K, used 44213K [0x0000000082400000, 0x0000000100000000)
  region size 1024K, 25 young (25600K), 3 survivors (3072K)
 Metaspace       used 57730K, committed 58368K, reserved 1114112K
  class space    used 7842K, committed 8128K, reserved 1048576K
GC Heap History (20 events):
Event: 8.515 GC heap before
{Heap before GC invocations=12 (full 0):
 garbage-first heap   total reserved 2060288K, committed 45056K, used 38902K [0x0000000082400000, 0x0000000100000000)
  region size 1024K, 22 young (22528K), 2 survivors (2048K)
 Metaspace       used 33875K, committed 34304K, reserved 1114112K
  class space    used 4183K, committed 4352K, reserved 1048576K
}
Event: 8.518 GC heap after
{Heap after GC invocations=13 (full 0):
 garbage-first heap   total reserved 2060288K, committed 45056K, used 19538K [0x0000000082400000, 0x0000000100000000)
  region size 1024K, 2 young (2048K), 2 survivors (2048K)
 Metaspace       used 33875K, committed 34304K, reserved 1114112K
  class space    used 4183K, committed 4352K, reserved 1048576K
}
Event: 8.704 GC heap before
{Heap before GC invocations=13 (full 0):
 garbage-first heap   total reserved 2060288K, committed 45056K, used 34898K [0x0000000082400000, 0x0000000100000000)
  region size 1024K, 19 young (19456K), 2 survivors (2048K)
 Metaspace       used 35526K, committed 35968K, reserved 1114112K
  class space    used 4397K, committed 4608K, reserved 1048576K
}
Event: 8.707 GC heap after
{Heap after GC invocations=14 (full 0):
 garbage-first heap   total reserved 2060288K, committed 54272K, used 19727K [0x0000000082400000, 0x0000000100000000)
  region size 1024K, 2 young (2048K), 2 survivors (2048K)
 Metaspace       used 35526K, committed 35968K, reserved 1114112K
  class space    used 4397K, committed 4608K, reserved 1048576K
}
Event: 9.475 GC heap before
{Heap before GC invocations=15 (full 0):
 garbage-first heap   total reserved 2060288K, committed 54272K, used 45327K [0x0000000082400000, 0x0000000100000000)
  region size 1024K, 28 young (28672K), 2 survivors (2048K)
 Metaspace       used 38141K, committed 38656K, reserved 1114112K
  class space    used 4738K, committed 4992K, reserved 1048576K
}
Event: 9.479 GC heap after
{Heap after GC invocations=16 (full 0):
 garbage-first heap   total reserved 2060288K, committed 54272K, used 20473K [0x0000000082400000, 0x0000000100000000)
  region size 1024K, 2 young (2048K), 2 survivors (2048K)
 Metaspace       used 38141K, committed 38656K, reserved 1114112K
  class space    used 4738K, committed 4992K, reserved 1048576K
}
Event: 9.955 GC heap before
{Heap before GC invocations=16 (full 0):
 garbage-first heap   total reserved 2060288K, committed 54272K, used 47097K [0x0000000082400000, 0x0000000100000000)
  region size 1024K, 28 young (28672K), 2 survivors (2048K)
 Metaspace       used 40661K, committed 41152K, reserved 1114112K
  class space    used 5138K, committed 5376K, reserved 1048576K
}
Event: 9.959 GC heap after
{Heap after GC invocations=17 (full 0):
 garbage-first heap   total reserved 2060288K, committed 54272K, used 21169K [0x0000000082400000, 0x0000000100000000)
  region size 1024K, 3 young (3072K), 3 survivors (3072K)
 Metaspace       used 40661K, committed 41152K, reserved 1114112K
  class space    used 5138K, committed 5376K, reserved 1048576K
}
Event: 10.375 GC heap before
{Heap before GC invocations=17 (full 0):
 garbage-first heap   total reserved 2060288K, committed 54272K, used 45745K [0x0000000082400000, 0x0000000100000000)
  region size 1024K, 27 young (27648K), 3 survivors (3072K)
 Metaspace       used 42882K, committed 43456K, reserved 1114112K
  class space    used 5536K, committed 5824K, reserved 1048576K
}
Event: 10.379 GC heap after
{Heap after GC invocations=18 (full 0):
 garbage-first heap   total reserved 2060288K, committed 54272K, used 21434K [0x0000000082400000, 0x0000000100000000)
  region size 1024K, 2 young (2048K), 2 survivors (2048K)
 Metaspace       used 42882K, committed 43456K, reserved 1114112K
  class space    used 5536K, committed 5824K, reserved 1048576K
}
Event: 10.890 GC heap before
{Heap before GC invocations=18 (full 0):
 garbage-first heap   total reserved 2060288K, committed 54272K, used 47034K [0x0000000082400000, 0x0000000100000000)
  region size 1024K, 28 young (28672K), 2 survivors (2048K)
 Metaspace       used 45407K, committed 45952K, reserved 1114112K
  class space    used 5940K, committed 6208K, reserved 1048576K
}
Event: 10.894 GC heap after
{Heap after GC invocations=19 (full 0):
 garbage-first heap   total reserved 2060288K, committed 54272K, used 22223K [0x0000000082400000, 0x0000000100000000)
  region size 1024K, 3 young (3072K), 3 survivors (3072K)
 Metaspace       used 45407K, committed 45952K, reserved 1114112K
  class space    used 5940K, committed 6208K, reserved 1048576K
}
Event: 11.313 GC heap before
{Heap before GC invocations=19 (full 0):
 garbage-first heap   total reserved 2060288K, committed 54272K, used 45775K [0x0000000082400000, 0x0000000100000000)
  region size 1024K, 27 young (27648K), 3 survivors (3072K)
 Metaspace       used 47721K, committed 48320K, reserved 1114112K
  class space    used 6245K, committed 6528K, reserved 1048576K
}
Event: 11.317 GC heap after
{Heap after GC invocations=20 (full 0):
 garbage-first heap   total reserved 2060288K, committed 54272K, used 22604K [0x0000000082400000, 0x0000000100000000)
  region size 1024K, 3 young (3072K), 3 survivors (3072K)
 Metaspace       used 47721K, committed 48320K, reserved 1114112K
  class space    used 6245K, committed 6528K, reserved 1048576K
}
Event: 11.628 GC heap before
{Heap before GC invocations=20 (full 0):
 garbage-first heap   total reserved 2060288K, committed 54272K, used 45132K [0x0000000082400000, 0x0000000100000000)
  region size 1024K, 26 young (26624K), 3 survivors (3072K)
 Metaspace       used 50349K, committed 50880K, reserved 1114112K
  class space    used 6553K, committed 6784K, reserved 1048576K
}
Event: 11.633 GC heap after
{Heap after GC invocations=21 (full 0):
 garbage-first heap   total reserved 2060288K, committed 54272K, used 23117K [0x0000000082400000, 0x0000000100000000)
  region size 1024K, 3 young (3072K), 3 survivors (3072K)
 Metaspace       used 50349K, committed 50880K, reserved 1114112K
  class space    used 6553K, committed 6784K, reserved 1048576K
}
Event: 12.053 GC heap before
{Heap before GC invocations=21 (full 0):
 garbage-first heap   total reserved 2060288K, committed 54272K, used 45645K [0x0000000082400000, 0x0000000100000000)
  region size 1024K, 26 young (26624K), 3 survivors (3072K)
 Metaspace       used 53379K, committed 53952K, reserved 1114112K
  class space    used 7135K, committed 7424K, reserved 1048576K
}
Event: 12.057 GC heap after
{Heap after GC invocations=22 (full 0):
 garbage-first heap   total reserved 2060288K, committed 54272K, used 23235K [0x0000000082400000, 0x0000000100000000)
  region size 1024K, 3 young (3072K), 3 survivors (3072K)
 Metaspace       used 53379K, committed 53952K, reserved 1114112K
  class space    used 7135K, committed 7424K, reserved 1048576K
}
Event: 12.401 GC heap before
{Heap before GC invocations=22 (full 0):
 garbage-first heap   total reserved 2060288K, committed 54272K, used 45763K [0x0000000082400000, 0x0000000100000000)
  region size 1024K, 25 young (25600K), 3 survivors (3072K)
 Metaspace       used 55486K, committed 56064K, reserved 1114112K
  class space    used 7504K, committed 7744K, reserved 1048576K
}
Event: 12.405 GC heap after
{Heap after GC invocations=23 (full 0):
 garbage-first heap   total reserved 2060288K, committed 54272K, used 23733K [0x0000000082400000, 0x0000000100000000)
  region size 1024K, 3 young (3072K), 3 survivors (3072K)
 Metaspace       used 55486K, committed 56064K, reserved 1114112K
  class space    used 7504K, committed 7744K, reserved 1048576K
}

