# JRE version: OpenJDK Runtime Environment Temurin-23.0.1+11 (23.0.1+11) (build 23.0.1+11)
# Java VM: OpenJDK 64-Bit Server VM Temurin-23.0.1+11 (23.0.1+11, mixed mode, sharing, tiered, compressed oops, compressed class ptrs, g1 gc, windows-amd64)
GC Precious Log:
 CardTable entry size: 512
 Card Set container configuration: InlinePtr #cards 5 size 8 Array Of Cards #cards 10 size 36 Howl #buckets 4 coarsen threshold 1843 Howl Bitmap #cards 512 size 80 coarsen threshold 460 Card regions per heap region 1 cards per card region 2048
 CPUs: 8 total, 8 available
 Memory: 8044M
 Large Page Support: Disabled
 NUMA Support: Disabled
 Compressed Oops: Enabled (32-bit)
 Heap Region Size: 1M
 Heap Min Capacity: 8M
 Heap Initial Capacity: 126M
 Heap Max Capacity: 2012M
 Pre-touch: Disabled
 Parallel Workers: 8
 Concurrent Workers: 2
 Concurrent Refinement Workers: 8
 Periodic GC: Disabled
Heap:
 garbage-first heap   total reserved 2060288K, committed 61440K, used 41285K [0x0000000082400000, 0x0000000100000000)
  region size 1024K, 23 young (23552K), 4 survivors (4096K)
 Metaspace       used 57759K, committed 58432K, reserved 1114112K
  class space    used 7843K, committed 8128K, reserved 1048576K
GC Heap History (20 events):
Event: 6.707 GC heap before
{Heap before GC invocations=10 (full 0):
 garbage-first heap   total reserved 2060288K, committed 51200K, used 41917K [0x0000000082400000, 0x0000000100000000)
  region size 1024K, 28 young (28672K), 4 survivors (4096K)
 Metaspace       used 32249K, committed 32768K, reserved 1114112K
  class space    used 4019K, committed 4224K, reserved 1048576K
}
Event: 6.714 GC heap after
{Heap after GC invocations=11 (full 0):
 garbage-first heap   total reserved 2060288K, committed 51200K, used 18300K [0x0000000082400000, 0x0000000100000000)
  region size 1024K, 3 young (3072K), 3 survivors (3072K)
 Metaspace       used 32249K, committed 32768K, reserved 1114112K
  class space    used 4019K, committed 4224K, reserved 1048576K
}
Event: 6.996 GC heap before
{Heap before GC invocations=11 (full 0):
 garbage-first heap   total reserved 2060288K, committed 51200K, used 41852K [0x0000000082400000, 0x0000000100000000)
  region size 1024K, 27 young (27648K), 3 survivors (3072K)
 Metaspace       used 34886K, committed 35328K, reserved 1114112K
  class space    used 4298K, committed 4480K, reserved 1048576K
}
Event: 7.000 GC heap after
{Heap after GC invocations=12 (full 0):
 garbage-first heap   total reserved 2060288K, committed 51200K, used 19138K [0x0000000082400000, 0x0000000100000000)
  region size 1024K, 2 young (2048K), 2 survivors (2048K)
 Metaspace       used 34886K, committed 35328K, reserved 1114112K
  class space    used 4298K, committed 4480K, reserved 1048576K
}
Event: 7.067 GC heap before
{Heap before GC invocations=12 (full 0):
 garbage-first heap   total reserved 2060288K, committed 51200K, used 25282K [0x0000000082400000, 0x0000000100000000)
  region size 1024K, 9 young (9216K), 2 survivors (2048K)
 Metaspace       used 35531K, committed 35968K, reserved 1114112K
  class space    used 4400K, committed 4608K, reserved 1048576K
}
Event: 7.070 GC heap after
{Heap after GC invocations=13 (full 0):
 garbage-first heap   total reserved 2060288K, committed 51200K, used 19087K [0x0000000082400000, 0x0000000100000000)
  region size 1024K, 2 young (2048K), 2 survivors (2048K)
 Metaspace       used 35531K, committed 35968K, reserved 1114112K
  class space    used 4400K, committed 4608K, reserved 1048576K
}
Event: 7.735 GC heap before
{Heap before GC invocations=14 (full 0):
 garbage-first heap   total reserved 2060288K, committed 51200K, used 43663K [0x0000000082400000, 0x0000000100000000)
  region size 1024K, 27 young (27648K), 2 survivors (2048K)
 Metaspace       used 38053K, committed 38656K, reserved 1114112K
  class space    used 4722K, committed 4992K, reserved 1048576K
}
Event: 7.738 GC heap after
{Heap after GC invocations=15 (full 0):
 garbage-first heap   total reserved 2060288K, committed 51200K, used 19867K [0x0000000082400000, 0x0000000100000000)
  region size 1024K, 3 young (3072K), 3 survivors (3072K)
 Metaspace       used 38053K, committed 38656K, reserved 1114112K
  class space    used 4722K, committed 4992K, reserved 1048576K
}
Event: 8.114 GC heap before
{Heap before GC invocations=15 (full 0):
 garbage-first heap   total reserved 2060288K, committed 51200K, used 43419K [0x0000000082400000, 0x0000000100000000)
  region size 1024K, 26 young (26624K), 3 survivors (3072K)
 Metaspace       used 40313K, committed 40896K, reserved 1114112K
  class space    used 5085K, committed 5376K, reserved 1048576K
}
Event: 8.118 GC heap after
{Heap after GC invocations=16 (full 0):
 garbage-first heap   total reserved 2060288K, committed 51200K, used 20217K [0x0000000082400000, 0x0000000100000000)
  region size 1024K, 3 young (3072K), 3 survivors (3072K)
 Metaspace       used 40313K, committed 40896K, reserved 1114112K
  class space    used 5085K, committed 5376K, reserved 1048576K
}
Event: 8.499 GC heap before
{Heap before GC invocations=16 (full 0):
 garbage-first heap   total reserved 2060288K, committed 51200K, used 42745K [0x0000000082400000, 0x0000000100000000)
  region size 1024K, 26 young (26624K), 3 survivors (3072K)
 Metaspace       used 42441K, committed 43008K, reserved 1114112K
  class space    used 5449K, committed 5696K, reserved 1048576K
}
Event: 8.503 GC heap after
{Heap after GC invocations=17 (full 0):
 garbage-first heap   total reserved 2060288K, committed 61440K, used 20659K [0x0000000082400000, 0x0000000100000000)
  region size 1024K, 3 young (3072K), 3 survivors (3072K)
 Metaspace       used 42441K, committed 43008K, reserved 1114112K
  class space    used 5449K, committed 5696K, reserved 1048576K
}
Event: 9.044 GC heap before
{Heap before GC invocations=17 (full 0):
 garbage-first heap   total reserved 2060288K, committed 61440K, used 54451K [0x0000000082400000, 0x0000000100000000)
  region size 1024K, 36 young (36864K), 3 survivors (3072K)
 Metaspace       used 45524K, committed 46080K, reserved 1114112K
  class space    used 5955K, committed 6208K, reserved 1048576K
}
Event: 9.048 GC heap after
{Heap after GC invocations=18 (full 0):
 garbage-first heap   total reserved 2060288K, committed 61440K, used 21924K [0x0000000082400000, 0x0000000100000000)
  region size 1024K, 4 young (4096K), 4 survivors (4096K)
 Metaspace       used 45524K, committed 46080K, reserved 1114112K
  class space    used 5955K, committed 6208K, reserved 1048576K
}
Event: 9.514 GC heap before
{Heap before GC invocations=18 (full 0):
 garbage-first heap   total reserved 2060288K, committed 61440K, used 53668K [0x0000000082400000, 0x0000000100000000)
  region size 1024K, 35 young (35840K), 4 survivors (4096K)
 Metaspace       used 48709K, committed 49280K, reserved 1114112K
  class space    used 6345K, committed 6592K, reserved 1048576K
}
Event: 9.518 GC heap after
{Heap after GC invocations=19 (full 0):
 garbage-first heap   total reserved 2060288K, committed 61440K, used 22068K [0x0000000082400000, 0x0000000100000000)
  region size 1024K, 3 young (3072K), 3 survivors (3072K)
 Metaspace       used 48709K, committed 49280K, reserved 1114112K
  class space    used 6345K, committed 6592K, reserved 1048576K
}
Event: 9.970 GC heap before
{Heap before GC invocations=19 (full 0):
 garbage-first heap   total reserved 2060288K, committed 61440K, used 52788K [0x0000000082400000, 0x0000000100000000)
  region size 1024K, 34 young (34816K), 3 survivors (3072K)
 Metaspace       used 52795K, committed 53312K, reserved 1114112K
  class space    used 6995K, committed 7232K, reserved 1048576K
}
Event: 9.974 GC heap after
{Heap after GC invocations=20 (full 0):
 garbage-first heap   total reserved 2060288K, committed 61440K, used 22547K [0x0000000082400000, 0x0000000100000000)
  region size 1024K, 3 young (3072K), 3 survivors (3072K)
 Metaspace       used 52795K, committed 53312K, reserved 1114112K
  class space    used 6995K, committed 7232K, reserved 1048576K
}
Event: 10.501 GC heap before
{Heap before GC invocations=20 (full 0):
 garbage-first heap   total reserved 2060288K, committed 61440K, used 53267K [0x0000000082400000, 0x0000000100000000)
  region size 1024K, 34 young (34816K), 3 survivors (3072K)
 Metaspace       used 55817K, committed 56448K, reserved 1114112K
  class space    used 7532K, committed 7808K, reserved 1048576K
}
Event: 10.505 GC heap after
{Heap after GC invocations=21 (full 0):
 garbage-first heap   total reserved 2060288K, committed 61440K, used 22853K [0x0000000082400000, 0x0000000100000000)
  region size 1024K, 4 young (4096K), 4 survivors (4096K)
 Metaspace       used 55817K, committed 56448K, reserved 1114112K
  class space    used 7532K, committed 7808K, reserved 1048576K
}

